2025-04-04 01:59:29,216 - INFO - --- Starting Zillow Scraper ---
2025-04-04 01:59:29,216 - INFO - Constructed Zillow URL: https://www.zillow.com/homes/for_sale/05401_rb/
2025-04-04 01:59:29,216 - INFO - Attempting to fetch data from: https://www.zillow.com/homes/for_sale/05401_rb/
2025-04-04 01:59:32,204 - ERROR - Error fetching Zillow data: 403 Client Error: Forbidden for url: https://www.zillow.com/homes/for_sale/05401_rb/
2025-04-04 01:59:32,204 - ERROR - Response status code: 403
2025-04-04 01:59:32,204 - ERROR - --- Failed to fetch Zillow page, scraper aborted ---
2025-04-04 01:59:32,204 - INFO - --- Zillow Scraper finished ---
2025-04-04 02:04:30,705 - INFO - --- Starting Zillow Scraper ---
2025-04-04 02:04:30,705 - INFO - Constructed Zillow URL: https://www.zillow.com/homes/for_sale/05401_rb/
2025-04-04 02:04:30,705 - INFO - Attempting to fetch data from: https://www.zillow.com/homes/for_sale/05401_rb/
2025-04-04 02:04:35,804 - ERROR - Error fetching Zillow data: 403 Client Error: Forbidden for url: https://www.zillow.com/homes/for_sale/05401_rb/
2025-04-04 02:04:35,804 - ERROR - Response status code: 403
2025-04-04 02:04:35,804 - ERROR - --- Failed to fetch Zillow page, scraper aborted ---
2025-04-04 02:04:35,804 - INFO - --- Zillow Scraper finished ---
2025-04-04 02:19:34,834 - INFO - --- Starting Zillow Scraper ---
2025-04-04 02:19:34,835 - INFO - Constructed Zillow URL: https://www.zillow.com/homes/for_sale/05401_rb/
2025-04-04 02:19:34,835 - INFO - Attempting to fetch data from: https://www.zillow.com/homes/for_sale/05401_rb/ using Playwright
2025-04-04 02:19:34,835 - INFO - Initializing Playwright...
2025-04-04 02:19:35,097 - INFO - Launching browser (Chromium)...
2025-04-04 02:19:35,292 - INFO - Browser launched. Creating new page...
2025-04-04 02:19:35,319 - INFO - Navigating to https://www.zillow.com/homes/for_sale/05401_rb/...
2025-04-04 02:20:35,380 - ERROR - Timeout error while loading https://www.zillow.com/homes/for_sale/05401_rb/
2025-04-04 02:20:35,380 - INFO - Closing browser due to timeout...
Traceback (most recent call last):
  File "/workspace/zillow_scraper/zillow_airtable_scraper.py", line 48, in fetch_zillow_data
    page.goto(url, timeout=60000, wait_until='networkidle') # 60 second timeout, wait for network activity to cease
    ^^^^^^^^^^^^^^^^^^^^^^^^^^^^^^^^^^^^^^^^^^^^^^^^^^^^^^^
  File "/openhands/poetry/openhands-ai-5O4_aCHf-py3.12/lib/python3.12/site-packages/playwright/sync_api/_generated.py", line 9303, in goto
    self._sync(
  File "/openhands/poetry/openhands-ai-5O4_aCHf-py3.12/lib/python3.12/site-packages/playwright/_impl/_sync_base.py", line 109, in _sync
    return task.result()
           ^^^^^^^^^^^^^
  File "/openhands/poetry/openhands-ai-5O4_aCHf-py3.12/lib/python3.12/site-packages/playwright/_impl/_page.py", line 473, in goto
    return await self._main_frame.goto(**locals_to_params(locals()))
           ^^^^^^^^^^^^^^^^^^^^^^^^^^^^^^^^^^^^^^^^^^^^^^^^^^^^^^^^^
  File "/openhands/poetry/openhands-ai-5O4_aCHf-py3.12/lib/python3.12/site-packages/playwright/_impl/_frame.py", line 138, in goto
    await self._channel.send("goto", locals_to_params(locals()))
  File "/openhands/poetry/openhands-ai-5O4_aCHf-py3.12/lib/python3.12/site-packages/playwright/_impl/_connection.py", line 61, in send
    return await self._connection.wrap_api_call(
           ^^^^^^^^^^^^^^^^^^^^^^^^^^^^^^^^^^^^^
  File "/openhands/poetry/openhands-ai-5O4_aCHf-py3.12/lib/python3.12/site-packages/playwright/_impl/_connection.py", line 490, in wrap_api_call
    return await cb()
           ^^^^^^^^^^
  File "/openhands/poetry/openhands-ai-5O4_aCHf-py3.12/lib/python3.12/site-packages/playwright/_impl/_connection.py", line 99, in inner_send
    result = next(iter(done)).result()
             ^^^^^^^^^^^^^^^^^^^^^^^^^
playwright._impl._api_types.TimeoutError: Timeout 60000ms exceeded.
=========================== logs ===========================
navigating to "https://www.zillow.com/homes/for_sale/05401_rb/", waiting until "networkidle"
============================================================

During handling of the above exception, another exception occurred:

Traceback (most recent call last):
  File "/workspace/zillow_scraper/zillow_airtable_scraper.py", line 363, in <module>
    html = fetch_zillow_data(zillow_url_to_scrape)
           ^^^^^^^^^^^^^^^^^^^^^^^^^^^^^^^^^^^^^^^
  File "/workspace/zillow_scraper/zillow_airtable_scraper.py", line 61, in fetch_zillow_data
    browser.close()
  File "/openhands/poetry/openhands-ai-5O4_aCHf-py3.12/lib/python3.12/site-packages/playwright/sync_api/_generated.py", line 14543, in close
    return mapping.from_maybe_impl(self._sync(self._impl_obj.close()))
                                   ^^^^^^^^^^^^^^^^^^^^^^^^^^^^^^^^^^
  File "/openhands/poetry/openhands-ai-5O4_aCHf-py3.12/lib/python3.12/site-packages/playwright/_impl/_sync_base.py", line 98, in _sync
    raise Error("Event loop is closed! Is Playwright already stopped?")
playwright._impl._api_types.Error: Event loop is closed! Is Playwright already stopped?
2025-04-04 02:24:06,509 - INFO - --- Starting Zillow Scraper ---
2025-04-04 02:24:06,509 - INFO - Constructed Zillow URL: https://www.zillow.com/homes/for_sale/05401_rb/
2025-04-04 02:24:06,509 - INFO - Attempting to fetch data from: https://www.zillow.com/homes/for_sale/05401_rb/ using Playwright
2025-04-04 02:24:06,509 - INFO - Initializing Playwright...
2025-04-04 02:24:06,774 - INFO - Launching browser (Chromium)...
2025-04-04 02:24:06,962 - INFO - Browser launched. Creating new page...
2025-04-04 02:24:06,990 - INFO - Navigating to https://www.zillow.com/homes/for_sale/05401_rb/...
2025-04-04 02:24:07,849 - INFO - Page 'load' event fired. Waiting a bit longer for dynamic content...
2025-04-04 02:24:13,434 - INFO - Successfully fetched page content (Length: 8215).
2025-04-04 02:24:13,434 - INFO - Closing browser...
2025-04-04 02:24:13,475 - INFO - Browser closed.
2025-04-04 02:24:13,483 - WARNING - Could not find property cards using the specified selectors. The website structure might have changed, or the page didn't load correctly (check for CAPTCHAs or blocks).
2025-04-04 02:24:13,483 - WARNING - --- No properties parsed, nothing to send to Airtable ---
2025-04-04 02:24:13,483 - INFO - --- Zillow Scraper finished ---
2025-04-04 02:28:40,308 - INFO - --- Starting Zillow Scraper ---
2025-04-04 02:28:40,308 - INFO - Constructed Zillow URL: https://www.zillow.com/homes/for_sale/05401_rb/
2025-04-04 02:28:40,308 - INFO - Attempting to fetch data from: https://www.zillow.com/homes/for_sale/05401_rb/ using Playwright
2025-04-04 02:28:40,308 - INFO - Initializing Playwright...
2025-04-04 02:28:40,574 - INFO - Launching browser (Chromium)...
2025-04-04 02:28:40,834 - INFO - Browser launched. Creating new page...
2025-04-04 02:28:40,861 - INFO - Navigating to https://www.zillow.com/homes/for_sale/05401_rb/...
2025-04-04 02:28:41,756 - INFO - Page 'load' event fired. Waiting a bit longer for dynamic content...
2025-04-04 02:28:51,639 - INFO - Successfully fetched page content (Length: 8215).
2025-04-04 02:28:51,639 - INFO - Closing browser...
2025-04-04 02:28:51,674 - INFO - Browser closed.
2025-04-04 02:28:51,680 - WARNING - Could not find property cards using the specified selectors. The website structure might have changed, or the page didn't load correctly (check for CAPTCHAs or blocks).
2025-04-04 02:28:51,681 - INFO - Saved HTML content to zillow_debug.html for debugging selectors.
2025-04-04 02:28:51,681 - WARNING - --- No properties parsed, nothing to send to Airtable ---
2025-04-04 02:28:51,681 - INFO - --- Zillow Scraper finished ---
